<?xml version="1.0" encoding="UTF-8"?>
<!-- Generated by org.testng.reporters.JUnitReportReporter -->
<testsuite hostname="DESKTOP-B4CGF5L" name="Device.ContactsList" tests="2" failures="0" timestamp="20 Mar 2019 10:10:39 GMT" time="70.271" errors="0">
  <testcase name="sortByFirstName" time="36.615" classname="Device.ContactsList"/>
  <testcase name="sortByLastName" time="33.656" classname="Device.ContactsList"/>
</testsuite>
