<?xml version="1.0" encoding="UTF-8"?>
<!-- Generated by org.testng.reporters.JUnitReportReporter -->
<testsuite hostname="DESKTOP-B4CGF5L" name="Device.ContactsList" tests="2" failures="0" timestamp="19 Mar 2019 16:10:43 GMT" time="74.240" errors="0">
  <testcase name="sortByLastName" time="39.527" classname="Device.ContactsList"/>
  <testcase name="sortByFirstName" time="34.713" classname="Device.ContactsList"/>
</testsuite>
