<?xml version="1.0" encoding="UTF-8"?>
<!-- Generated by org.testng.reporters.JUnitReportReporter -->
<testsuite hostname="DESKTOP-B4CGF5L" name="HomePage.InvisibleElementSelect" tests="1" failures="0" timestamp="20 Mar 2019 10:10:39 GMT" time="141.806" errors="0">
  <testcase name="selectDropDownList" time="141.806" classname="HomePage.InvisibleElementSelect"/>
</testsuite>
